#
# A fatal error has been detected by the Java Runtime Environment:
#
#  EXCEPTION_INT_DIVIDE_BY_ZERO (0xc0000094) at pc=0x00007ffd79c21468, pid=29000, tid=29812
#
# JRE version: Java(TM) SE Runtime Environment (17.0.9+11) (build 17.0.9+11-LTS-201)
# Java VM: Java HotSpot(TM) 64-Bit Server VM (17.0.9+11-LTS-201, mixed mode, sharing, tiered, compressed oops, compressed class ptrs, g1 gc, windows-amd64)
# Problematic frame:
# C  [GrayscaleLib.dll+0x1468]
#
# No core dump will be written. Minidumps are not enabled by default on client versions of Windows
#
# If you would like to submit a bug report, please visit:
#   https://bugreport.java.com/bugreport/crash.jsp
# The crash happened outside the Java Virtual Machine in native code.
# See problematic frame for where to report the bug.
#

---------------  S U M M A R Y ------------

Command Line: target/imageEffectApplication-0.0.1-SNAPSHOT.jar

Host: AMD Ryzen 7 4800H with Radeon Graphics         , 16 cores, 15G,  Windows 11 , 64 bit Build 22621 (10.0.22621.2506)
Time: Mon Jan  1 17:48:16 2024 India Standard Time elapsed time: 77.674655 seconds (0d 0h 1m 17s)

---------------  T H R E A D  ---------------

Current thread (0x0000026d14c0a510):  JavaThread "http-nio-8000-exec-4" daemon [_thread_in_native, id=29812, stack(0x0000006e22e00000,0x0000006e22f00000)]

Stack: [0x0000006e22e00000,0x0000006e22f00000],  sp=0x0000006e22efcfe0,  free space=1011k
Native frames: (J=compiled Java code, j=interpreted, Vv=VM code, C=native code)
C  [GrayscaleLib.dll+0x1468]

Java frames: (J=compiled Java code, j=interpreted, Vv=VM code)
j  com.iiitb.imageEffectApplication.libraryInterfaces.GrayscaleInterface.applyGrayscale([[Lcom/iiitb/imageEffectApplication/libraryInterfaces/Pixel;)[[Lcom/iiitb/imageEffectApplication/libraryInterfaces/Pixel;+0
j  com.iiitb.imageEffectApplication.effectImplementation.GrayscaleImplementation.apply([[Lcom/iiitb/imageEffectApplication/libraryInterfaces/Pixel;Ljava/lang/String;Lcom/iiitb/imageEffectApplication/service/LoggingService;)[[Lcom/iiitb/imageEffectApplication/libraryInterfaces/Pixel;+10
j  com.iiitb.imageEffectApplication.service.PhotoEffectService.applyGrayscaleEffect(Lorg/springframework/web/multipart/MultipartFile;)Lorg/springframework/http/ResponseEntity;+33
j  com.iiitb.imageEffectApplication.controller.PhotoController.applyGrayscaleEffect(Lorg/springframework/web/multipart/MultipartFile;)Lorg/springframework/http/ResponseEntity;+5
v  ~StubRoutines::call_stub
j  jdk.internal.reflect.NativeMethodAccessorImpl.invoke0(Ljava/lang/reflect/Method;Ljava/lang/Object;[Ljava/lang/Object;)Ljava/lang/Object;+0 java.base@17.0.9
j  jdk.internal.reflect.NativeMethodAccessorImpl.invoke(Ljava/lang/Object;[Ljava/lang/Object;)Ljava/lang/Object;+133 java.base@17.0.9
j  jdk.internal.reflect.DelegatingMethodAccessorImpl.invoke(Ljava/lang/Object;[Ljava/lang/Object;)Ljava/lang/Object;+6 java.base@17.0.9
j  java.lang.reflect.Method.invoke(Ljava/lang/Object;[Ljava/lang/Object;)Ljava/lang/Object;+59 java.base@17.0.9
j  org.springframework.web.method.support.InvocableHandlerMethod.doInvoke([Ljava/lang/Object;)Ljava/lang/Object;+29
j  org.springframework.web.method.support.InvocableHandlerMethod.invokeForRequest(Lorg/springframework/web/context/request/NativeWebRequest;Lorg/springframework/web/method/support/ModelAndViewContainer;[Ljava/lang/Object;)Ljava/lang/Object;+41
j  org.springframework.web.servlet.mvc.method.annotation.ServletInvocableHandlerMethod.invokeAndHandle(Lorg/springframework/web/context/request/ServletWebRequest;Lorg/springframework/web/method/support/ModelAndViewContainer;[Ljava/lang/Object;)V+4
j  org.springframework.web.servlet.mvc.method.annotation.RequestMappingHandlerAdapter.invokeHandlerMethod(Ljakarta/servlet/http/HttpServletRequest;Ljakarta/servlet/http/HttpServletResponse;Lorg/springframework/web/method/HandlerMethod;)Lorg/springframework/web/servlet/ModelAndView;+244
j  org.springframework.web.servlet.mvc.method.annotation.RequestMappingHandlerAdapter.handleInternal(Ljakarta/servlet/http/HttpServletRequest;Ljakarta/servlet/http/HttpServletResponse;Lorg/springframework/web/method/HandlerMethod;)Lorg/springframework/web/servlet/ModelAndView;+81
j  org.springframework.web.servlet.mvc.method.AbstractHandlerMethodAdapter.handle(Ljakarta/servlet/http/HttpServletRequest;Ljakarta/servlet/http/HttpServletResponse;Ljava/lang/Object;)Lorg/springframework/web/servlet/ModelAndView;+7
j  org.springframework.web.servlet.DispatcherServlet.doDispatch(Ljakarta/servlet/http/HttpServletRequest;Ljakarta/servlet/http/HttpServletResponse;)V+259
j  org.springframework.web.servlet.DispatcherServlet.doService(Ljakarta/servlet/http/HttpServletRequest;Ljakarta/servlet/http/HttpServletResponse;)V+242
j  org.springframework.web.servlet.FrameworkServlet.processRequest(Ljakarta/servlet/http/HttpServletRequest;Ljakarta/servlet/http/HttpServletResponse;)V+70
j  org.springframework.web.servlet.FrameworkServlet.doPost(Ljakarta/servlet/http/HttpServletRequest;Ljakarta/servlet/http/HttpServletResponse;)V+3
j  jakarta.servlet.http.HttpServlet.service(Ljakarta/servlet/http/HttpServletRequest;Ljakarta/servlet/http/HttpServletResponse;)V+149
j  org.springframework.web.servlet.FrameworkServlet.service(Ljakarta/servlet/http/HttpServletRequest;Ljakarta/servlet/http/HttpServletResponse;)V+20
j  jakarta.servlet.http.HttpServlet.service(Ljakarta/servlet/ServletRequest;Ljakarta/servlet/ServletResponse;)V+36
j  org.apache.catalina.core.ApplicationFilterChain.internalDoFilter(Ljakarta/servlet/ServletRequest;Ljakarta/servlet/ServletResponse;)V+305
j  org.apache.catalina.core.ApplicationFilterChain.doFilter(Ljakarta/servlet/ServletRequest;Ljakarta/servlet/ServletResponse;)V+99
j  org.apache.tomcat.websocket.server.WsFilter.doFilter(Ljakarta/servlet/ServletRequest;Ljakarta/servlet/ServletResponse;Ljakarta/servlet/FilterChain;)V+21
j  org.apache.catalina.core.ApplicationFilterChain.internalDoFilter(Ljakarta/servlet/ServletRequest;Ljakarta/servlet/ServletResponse;)V+135
j  org.apache.catalina.core.ApplicationFilterChain.doFilter(Ljakarta/servlet/ServletRequest;Ljakarta/servlet/ServletResponse;)V+99
j  org.springframework.web.filter.CharacterEncodingFilter.doFilterInternal(Ljakarta/servlet/http/HttpServletRequest;Ljakarta/servlet/http/HttpServletResponse;Ljakarta/servlet/FilterChain;)V+53
j  org.springframework.web.filter.OncePerRequestFilter.doFilter(Ljakarta/servlet/ServletRequest;Ljakarta/servlet/ServletResponse;Ljakarta/servlet/FilterChain;)V+150
j  org.apache.catalina.core.ApplicationFilterChain.internalDoFilter(Ljakarta/servlet/ServletRequest;Ljakarta/servlet/ServletResponse;)V+135
j  org.apache.catalina.core.ApplicationFilterChain.doFilter(Ljakarta/servlet/ServletRequest;Ljakarta/servlet/ServletResponse;)V+99
j  org.apache.catalina.core.StandardWrapperValve.invoke(Lorg/apache/catalina/connector/Request;Lorg/apache/catalina/connector/Response;)V+514
j  org.apache.catalina.core.StandardContextValve.invoke(Lorg/apache/catalina/connector/Request;Lorg/apache/catalina/connector/Response;)V+169
j  org.apache.catalina.authenticator.AuthenticatorBase.invoke(Lorg/apache/catalina/connector/Request;Lorg/apache/catalina/connector/Response;)V+218
j  org.apache.catalina.core.StandardHostValve.invoke(Lorg/apache/catalina/connector/Request;Lorg/apache/catalina/connector/Response;)V+131
j  org.apache.catalina.valves.ErrorReportValve.invoke(Lorg/apache/catalina/connector/Request;Lorg/apache/catalina/connector/Response;)V+6
j  org.apache.catalina.core.StandardEngineValve.invoke(Lorg/apache/catalina/connector/Request;Lorg/apache/catalina/connector/Response;)V+59
j  org.apache.catalina.connector.CoyoteAdapter.service(Lorg/apache/coyote/Request;Lorg/apache/coyote/Response;)V+187
j  org.apache.coyote.http11.Http11Processor.service(Lorg/apache/tomcat/util/net/SocketWrapperBase;)Lorg/apache/tomcat/util/net/AbstractEndpoint$Handler$SocketState;+785
j  org.apache.coyote.AbstractProcessorLight.process(Lorg/apache/tomcat/util/net/SocketWrapperBase;Lorg/apache/tomcat/util/net/SocketEvent;)Lorg/apache/tomcat/util/net/AbstractEndpoint$Handler$SocketState;+152
j  org.apache.coyote.AbstractProtocol$ConnectionHandler.process(Lorg/apache/tomcat/util/net/SocketWrapperBase;Lorg/apache/tomcat/util/net/SocketEvent;)Lorg/apache/tomcat/util/net/AbstractEndpoint$Handler$SocketState;+482
j  org.apache.tomcat.util.net.NioEndpoint$SocketProcessor.doRun()V+249
j  org.apache.tomcat.util.net.SocketProcessorBase.run()V+32
j  org.apache.tomcat.util.threads.ThreadPoolExecutor.runWorker(Lorg/apache/tomcat/util/threads/ThreadPoolExecutor$Worker;)V+92
j  org.apache.tomcat.util.threads.ThreadPoolExecutor$Worker.run()V+5
j  org.apache.tomcat.util.threads.TaskThread$WrappingRunnable.run()V+4
j  java.lang.Thread.run()V+11 java.base@17.0.9
v  ~StubRoutines::call_stub

siginfo: EXCEPTION_INT_DIVIDE_BY_ZERO (0xc0000094)


Register to memory mapping:

RIP=0x00007ffd79c21468 GrayscaleLib.dll
RAX=0x0000000000000002 is an unknown value
RBX=0x0000006e22efd060 is pointing into the stack for thread: 0x0000026d14c0a510
RCX=0x0 is NULL
RDX=0x0 is NULL
RSP=0x0000006e22efcfe0 is pointing into the stack for thread: 0x0000026d14c0a510
RBP=0x0000006e22efd010 is pointing into the stack for thread: 0x0000026d14c0a510
RSI=0x00000007121e2370 is an oop: java.io.FileCleanable 
{0x00000007121e2370} - klass: 'java/io/FileCleanable'
 - ---- fields (total size 7 words):
 - private 'referent' 'Ljava/lang/Object;' @12  NULL (0)
 - volatile 'queue' 'Ljava/lang/ref/ReferenceQueue;' @16  a 'java/lang/ref/ReferenceQueue'{0x0000000709a00c48} (e1340189)
 - volatile 'next' 'Ljava/lang/ref/Reference;' @20  NULL (0)
 - private transient 'discovered' 'Ljava/lang/ref/Reference;' @24  NULL (0)
 - 'prev' 'Ljdk/internal/ref/PhantomCleanable;' @28  a 'java/io/FileCleanable'{0x00000007121e2370} (e243c46e)
 - 'next' 'Ljdk/internal/ref/PhantomCleanable;' @32  a 'java/io/FileCleanable'{0x00000007121e2370} (e243c46e)
 - private final 'list' 'Ljdk/internal/ref/PhantomCleanable;' @36  a 'jdk/internal/ref/CleanerImpl$PhantomCleanableRef'{0x0000000709a3ac78} (e134758f)
 - private final 'handle' 'J' @40  1964 (7ac 0)
 - private final 'fd' 'I' @48  -1 (ffffffff)
RDI=0x0000026cb98694fe is at code_begin+1118 in an Interpreter codelet
return entry points  [0x0000026cb98690a0, 0x0000026cb9869ba0]  2816 bytes
R8 =0x0000026ca9114800 points into unknown readable memory: 0x0000026ca9110cc0 | c0 0c 11 a9 6c 02 00 00
R9 =0x0000000000000001 is an unknown value
R10=0x0000000000000003 is an unknown value
R11=0x0000006e22efcdf0 is pointing into the stack for thread: 0x0000026d14c0a510
R12=0x0 is NULL
R13=0x0000026d11a6c910 is pointing into metadata
R14=0x0000006e22efd318 is pointing into the stack for thread: 0x0000026d14c0a510
R15=0x0000026d14c0a510 is a thread


Registers:
RAX=0x0000000000000002, RBX=0x0000006e22efd060, RCX=0x0000000000000000, RDX=0x0000000000000000
RSP=0x0000006e22efcfe0, RBP=0x0000006e22efd010, RSI=0x00000007121e2370, RDI=0x0000026cb98694fe
R8 =0x0000026ca9114800, R9 =0x0000000000000001, R10=0x0000000000000003, R11=0x0000006e22efcdf0
R12=0x0000000000000000, R13=0x0000026d11a6c910, R14=0x0000006e22efd318, R15=0x0000026d14c0a510
RIP=0x00007ffd79c21468, EFLAGS=0x0000000000010246

Top of Stack: (sp=0x0000006e22efcfe0)
0x0000006e22efcfe0:   0000006e22efd010 00007ffd79c237ee
0x0000006e22efcff0:   0000006e22efd080 000000023f800000
0x0000006e22efd000:   0000000000000002 000047ef000047ef
0x0000006e22efd010:   00000007121e2370 0000026d11a6c918
0x0000006e22efd020:   0000006e22efd100 00007ffd79c21ab3
0x0000006e22efd030:   0000006e22efd074 0000006e22efd080
0x0000006e22efd040:   0000006e22efd080 00007ffd79c23c6c
0x0000006e22efd050:   0000000000000000 00007ffd00000877
0x0000006e22efd060:   0000000200000000 0000026d00000000
0x0000006e22efd070:   000047ef140dc030 000047ef000047ef
0x0000006e22efd080:   0000026d17e15c70 0000026d17e13f3c
0x0000006e22efd090:   0000000016ff7d60 0000000000000002
0x0000006e22efd0a0:   0000026d1632f310 0000026d1632f3dc
0x0000006e22efd0b0:   0000026d1632f490 00007ffcede9fdd6
0x0000006e22efd0c0:   0000026d140de5b0 0000026d140dc030
0x0000006e22efd0d0:   0000026d17e13e70 0000026d17e15c70 

Instructions: (pc=0x00007ffd79c21468)
0x00007ffd79c21368:   90 90 90 90 90 90 90 90 55 53 48 83 ec 38 48 8d
0x00007ffd79c21378:   6c 24 30 48 89 4d 20 48 89 d3 8b 13 8b 43 04 39
0x00007ffd79c21388:   c2 7d 04 8b 03 eb 1f 8b 53 04 8b 43 08 39 c2 7d
0x00007ffd79c21398:   12 8b 13 8b 43 04 39 c2 7d 04 8b 03 eb 08 8b 43
0x00007ffd79c213a8:   04 eb 03 8b 43 08 89 45 f4 8b 13 8b 43 04 39 c2
0x00007ffd79c213b8:   7e 04 8b 03 eb 1f 8b 53 04 8b 43 08 39 c2 7e 12
0x00007ffd79c213c8:   8b 13 8b 43 04 39 c2 7e 04 8b 03 eb 08 8b 43 04
0x00007ffd79c213d8:   eb 03 8b 43 08 89 45 f0 8b 45 f0 2b 45 f4 89 45
0x00007ffd79c213e8:   ec 8b 55 f0 8b 45 f4 01 d0 66 0f ef c0 f2 0f 2a
0x00007ffd79c213f8:   c0 f2 0f 10 0d 1f 5c 00 00 f2 0f 5e c1 f2 0f 5a
0x00007ffd79c21408:   c0 f3 0f 11 45 e8 83 7d ec 00 75 17 66 0f ef c0
0x00007ffd79c21418:   f3 0f 11 45 fc 66 0f ef c0 f3 0f 11 45 f8 e9 fa
0x00007ffd79c21428:   01 00 00 f3 0f 10 05 f5 5b 00 00 0f 2f 45 e8 76
0x00007ffd79c21438:   1e 8b 55 f4 8b 45 f0 8d 0c 02 8b 45 ec 99 f7 f9
0x00007ffd79c21448:   66 0f ef c0 f3 0f 2a c0 f3 0f 11 45 f8 eb 20 b8
0x00007ffd79c21458:   02 00 00 00 2b 45 f4 2b 45 f0 89 c1 8b 45 ec 99
0x00007ffd79c21468:   f7 f9 66 0f ef c0 f3 0f 2a c0 f3 0f 11 45 f8 8b
0x00007ffd79c21478:   03 8b 55 f0 29 c2 66 0f ef c0 f2 0f 2a c2 f2 0f
0x00007ffd79c21488:   10 15 a2 5b 00 00 66 0f 28 c8 f2 0f 5e ca 66 0f
0x00007ffd79c21498:   ef c0 f2 0f 2a 45 ec f2 0f 10 15 79 5b 00 00 f2
0x00007ffd79c214a8:   0f 5e c2 f2 0f 58 c1 66 0f ef c9 f2 0f 2a 4d ec
0x00007ffd79c214b8:   f2 0f 5e c1 f2 0f 5a c0 f3 0f 11 45 e4 8b 43 04
0x00007ffd79c214c8:   8b 55 f0 29 c2 66 0f ef c0 f2 0f 2a c2 f2 0f 10
0x00007ffd79c214d8:   15 53 5b 00 00 66 0f 28 c8 f2 0f 5e ca 66 0f ef
0x00007ffd79c214e8:   c0 f2 0f 2a 45 ec f2 0f 10 15 2a 5b 00 00 f2 0f
0x00007ffd79c214f8:   5e c2 f2 0f 58 c1 66 0f ef c9 f2 0f 2a 4d ec f2
0x00007ffd79c21508:   0f 5e c1 f2 0f 5a c0 f3 0f 11 45 e0 8b 43 08 8b
0x00007ffd79c21518:   55 f0 29 c2 66 0f ef c0 f2 0f 2a c2 f2 0f 10 15
0x00007ffd79c21528:   04 5b 00 00 66 0f 28 c8 f2 0f 5e ca 66 0f ef c0
0x00007ffd79c21538:   f2 0f 2a 45 ec f2 0f 10 15 db 5a 00 00 f2 0f 5e
0x00007ffd79c21548:   c2 f2 0f 58 c1 66 0f ef c9 f2 0f 2a 4d ec f2 0f
0x00007ffd79c21558:   5e c1 f2 0f 5a c0 f3 0f 11 45 dc 8b 03 39 45 f0 


Stack slot to memory mapping:
stack at sp + 0 slots: 0x0000006e22efd010 is pointing into the stack for thread: 0x0000026d14c0a510
stack at sp + 1 slots: 0x00007ffd79c237ee GrayscaleLib.dll
stack at sp + 2 slots: 0x0000006e22efd080 is pointing into the stack for thread: 0x0000026d14c0a510
stack at sp + 3 slots: 0x000000023f800000 is an unknown value
stack at sp + 4 slots: 0x0000000000000002 is an unknown value
stack at sp + 5 slots: 0x000047ef000047ef is an unknown value
stack at sp + 6 slots: 0x00000007121e2370 is an oop: java.io.FileCleanable 
{0x00000007121e2370} - klass: 'java/io/FileCleanable'
 - ---- fields (total size 7 words):
 - private 'referent' 'Ljava/lang/Object;' @12  NULL (0)
 - volatile 'queue' 'Ljava/lang/ref/ReferenceQueue;' @16  a 'java/lang/ref/ReferenceQueue'{0x0000000709a00c48} (e1340189)
 - volatile 'next' 'Ljava/lang/ref/Reference;' @20  NULL (0)
 - private transient 'discovered' 'Ljava/lang/ref/Reference;' @24  NULL (0)
 - 'prev' 'Ljdk/internal/ref/PhantomCleanable;' @28  a 'java/io/FileCleanable'{0x00000007121e2370} (e243c46e)
 - 'next' 'Ljdk/internal/ref/PhantomCleanable;' @32  a 'java/io/FileCleanable'{0x00000007121e2370} (e243c46e)
 - private final 'list' 'Ljdk/internal/ref/PhantomCleanable;' @36  a 'jdk/internal/ref/CleanerImpl$PhantomCleanableRef'{0x0000000709a3ac78} (e134758f)
 - private final 'handle' 'J' @40  1964 (7ac 0)
 - private final 'fd' 'I' @48  -1 (ffffffff)
stack at sp + 7 slots: {method} {0x0000026d11a6c920} 'applyGrayscale' '([[Lcom/iiitb/imageEffectApplication/libraryInterfaces/Pixel;)[[Lcom/iiitb/imageEffectApplication/libraryInterfaces/Pixel;' in 'com/iiitb/imageEffectApplication/libraryInterfaces/GrayscaleInterface'


---------------  P R O C E S S  ---------------

Threads class SMR info:
_java_thread_list=0x0000026d16b515f0, length=28, elements={
0x0000026cce706e80, 0x0000026cce707b00, 0x0000026cce717770, 0x0000026cce718130,
0x0000026cce718af0, 0x0000026cce71b4c0, 0x0000026cce71e270, 0x0000026cce72f980,
0x0000026cce7322a0, 0x0000026cce877750, 0x0000026cce87f070, 0x0000026d14c0b950,
0x0000026d14c0d2a0, 0x0000026d14c0d7b0, 0x0000026d14c0c370, 0x0000026d14c0b440,
0x0000026d14c0c880, 0x0000026d14c0a510, 0x0000026d14c0cd90, 0x0000026d14c0aa20,
0x0000026d14c0af30, 0x0000026d173843e0, 0x0000026d173848f0, 0x0000026d17383ed0,
0x0000026d17386c60, 0x0000026d17385820, 0x0000026d17387170, 0x0000026d17387680
}

Java Threads: ( => current thread )
  0x0000026cce706e80 JavaThread "Reference Handler" daemon [_thread_blocked, id=28328, stack(0x0000006e20700000,0x0000006e20800000)]
  0x0000026cce707b00 JavaThread "Finalizer" daemon [_thread_blocked, id=4780, stack(0x0000006e20800000,0x0000006e20900000)]
  0x0000026cce717770 JavaThread "Signal Dispatcher" daemon [_thread_blocked, id=28120, stack(0x0000006e20900000,0x0000006e20a00000)]
  0x0000026cce718130 JavaThread "Attach Listener" daemon [_thread_blocked, id=3216, stack(0x0000006e20a00000,0x0000006e20b00000)]
  0x0000026cce718af0 JavaThread "Service Thread" daemon [_thread_blocked, id=29328, stack(0x0000006e20b00000,0x0000006e20c00000)]
  0x0000026cce71b4c0 JavaThread "Monitor Deflation Thread" daemon [_thread_blocked, id=27428, stack(0x0000006e20c00000,0x0000006e20d00000)]
  0x0000026cce71e270 JavaThread "C2 CompilerThread0" daemon [_thread_blocked, id=30432, stack(0x0000006e20d00000,0x0000006e20e00000)]
  0x0000026cce72f980 JavaThread "C1 CompilerThread0" daemon [_thread_blocked, id=7680, stack(0x0000006e20e00000,0x0000006e20f00000)]
  0x0000026cce7322a0 JavaThread "Sweeper thread" daemon [_thread_blocked, id=29896, stack(0x0000006e20f00000,0x0000006e21000000)]
  0x0000026cce877750 JavaThread "Notification Thread" daemon [_thread_blocked, id=28496, stack(0x0000006e21200000,0x0000006e21300000)]
  0x0000026cce87f070 JavaThread "Common-Cleaner" daemon [_thread_blocked, id=30300, stack(0x0000006e21400000,0x0000006e21500000)]
  0x0000026d14c0b950 JavaThread "Catalina-utility-1" [_thread_blocked, id=29740, stack(0x0000006e22800000,0x0000006e22900000)]
  0x0000026d14c0d2a0 JavaThread "Catalina-utility-2" [_thread_blocked, id=24908, stack(0x0000006e22900000,0x0000006e22a00000)]
  0x0000026d14c0d7b0 JavaThread "container-0" [_thread_blocked, id=7744, stack(0x0000006e22a00000,0x0000006e22b00000)]
  0x0000026d14c0c370 JavaThread "http-nio-8000-exec-1" daemon [_thread_blocked, id=29564, stack(0x0000006e22b00000,0x0000006e22c00000)]
  0x0000026d14c0b440 JavaThread "http-nio-8000-exec-2" daemon [_thread_blocked, id=29968, stack(0x0000006e22c00000,0x0000006e22d00000)]
  0x0000026d14c0c880 JavaThread "http-nio-8000-exec-3" daemon [_thread_blocked, id=25276, stack(0x0000006e22d00000,0x0000006e22e00000)]
=>0x0000026d14c0a510 JavaThread "http-nio-8000-exec-4" daemon [_thread_in_native, id=29812, stack(0x0000006e22e00000,0x0000006e22f00000)]
  0x0000026d14c0cd90 JavaThread "http-nio-8000-exec-5" daemon [_thread_blocked, id=30048, stack(0x0000006e22f00000,0x0000006e23000000)]
  0x0000026d14c0aa20 JavaThread "http-nio-8000-exec-6" daemon [_thread_blocked, id=25420, stack(0x0000006e23000000,0x0000006e23100000)]
  0x0000026d14c0af30 JavaThread "http-nio-8000-exec-7" daemon [_thread_blocked, id=9932, stack(0x0000006e23100000,0x0000006e23200000)]
  0x0000026d173843e0 JavaThread "http-nio-8000-exec-8" daemon [_thread_blocked, id=29276, stack(0x0000006e23200000,0x0000006e23300000)]
  0x0000026d173848f0 JavaThread "http-nio-8000-exec-9" daemon [_thread_blocked, id=29780, stack(0x0000006e23300000,0x0000006e23400000)]
  0x0000026d17383ed0 JavaThread "http-nio-8000-exec-10" daemon [_thread_blocked, id=27316, stack(0x0000006e23400000,0x0000006e23500000)]
  0x0000026d17386c60 JavaThread "http-nio-8000-Poller" daemon [_thread_in_native, id=5148, stack(0x0000006e23500000,0x0000006e23600000)]
  0x0000026d17385820 JavaThread "http-nio-8000-Acceptor" daemon [_thread_in_native, id=29444, stack(0x0000006e23600000,0x0000006e23700000)]
  0x0000026d17387170 JavaThread "DestroyJavaVM" [_thread_blocked, id=25252, stack(0x0000006e20000000,0x0000006e20100000)]
  0x0000026d17387680 JavaThread "Java2D Disposer" daemon [_thread_blocked, id=29664, stack(0x0000006e21500000,0x0000006e21600000)]

Other Threads:
  0x0000026cce702580 VMThread "VM Thread" [stack: 0x0000006e20600000,0x0000006e20700000] [id=27812]
  0x0000026cce8781a0 WatcherThread [stack: 0x0000006e21300000,0x0000006e21400000] [id=29744]
  0x0000026caab664b0 GCTaskThread "GC Thread#0" [stack: 0x0000006e20100000,0x0000006e20200000] [id=30260]
  0x0000026d1511aec0 GCTaskThread "GC Thread#1" [stack: 0x0000006e21900000,0x0000006e21a00000] [id=5976]
  0x0000026d14b00a40 GCTaskThread "GC Thread#2" [stack: 0x0000006e21a00000,0x0000006e21b00000] [id=12364]
  0x0000026d14e26cb0 GCTaskThread "GC Thread#3" [stack: 0x0000006e21b00000,0x0000006e21c00000] [id=24956]
  0x0000026d14aefa70 GCTaskThread "GC Thread#4" [stack: 0x0000006e21c00000,0x0000006e21d00000] [id=26468]
  0x0000026d15880330 GCTaskThread "GC Thread#5" [stack: 0x0000006e21f00000,0x0000006e22000000] [id=30248]
  0x0000026d158808b0 GCTaskThread "GC Thread#6" [stack: 0x0000006e21e00000,0x0000006e21f00000] [id=29044]
  0x0000026d158813b0 GCTaskThread "GC Thread#7" [stack: 0x0000006e22000000,0x0000006e22100000] [id=20692]
  0x0000026d15880b70 GCTaskThread "GC Thread#8" [stack: 0x0000006e22100000,0x0000006e22200000] [id=30640]
  0x0000026d15880e30 GCTaskThread "GC Thread#9" [stack: 0x0000006e22200000,0x0000006e22300000] [id=30252]
  0x0000026d15881bf0 GCTaskThread "GC Thread#10" [stack: 0x0000006e22300000,0x0000006e22400000] [id=30660]
  0x0000026d15880070 GCTaskThread "GC Thread#11" [stack: 0x0000006e22400000,0x0000006e22500000] [id=30688]
  0x0000026d158805f0 GCTaskThread "GC Thread#12" [stack: 0x0000006e22500000,0x0000006e22600000] [id=10924]
  0x0000026caab76ac0 ConcurrentGCThread "G1 Main Marker" [stack: 0x0000006e20200000,0x0000006e20300000] [id=28588]
  0x0000026caab774d0 ConcurrentGCThread "G1 Conc#0" [stack: 0x0000006e20300000,0x0000006e20400000] [id=28228]
  0x0000026d158810f0 ConcurrentGCThread "G1 Conc#1" [stack: 0x0000006e22600000,0x0000006e22700000] [id=28000]
  0x0000026d1786b2e0 ConcurrentGCThread "G1 Conc#2" [stack: 0x0000006e22700000,0x0000006e22800000] [id=356]
  0x0000026caabae830 ConcurrentGCThread "G1 Refine#0" [stack: 0x0000006e20400000,0x0000006e20500000] [id=30096]
  0x0000026cce4ad4c0 ConcurrentGCThread "G1 Service" [stack: 0x0000006e20500000,0x0000006e20600000] [id=30480]

Threads with active compile tasks:

VM state: not at safepoint (normal execution)

VM Mutex/Monitor currently owned by a thread: None

Heap address: 0x0000000709400000, size: 3948 MB, Compressed Oops mode: Zero based, Oop shift amount: 3

CDS archive(s) mapped at: [0x0000026ccf000000-0x0000026ccfbd0000-0x0000026ccfbd0000), size 12386304, SharedBaseAddress: 0x0000026ccf000000, ArchiveRelocationMode: 1.
Compressed class space mapped at: 0x0000026cd0000000-0x0000026d10000000, reserved size: 1073741824
Narrow klass base: 0x0000026ccf000000, Narrow klass shift: 0, Narrow klass range: 0x100000000

GC Precious Log:
 CPUs: 16 total, 16 available
 Memory: 15790M
 Large Page Support: Disabled
 NUMA Support: Disabled
 Compressed Oops: Enabled (Zero based)
 Heap Region Size: 2M
 Heap Min Capacity: 8M
 Heap Initial Capacity: 248M
 Heap Max Capacity: 3948M
 Pre-touch: Disabled
 Parallel Workers: 13
 Concurrent Workers: 3
 Concurrent Refinement Workers: 13
 Periodic GC: Disabled

Heap:
 garbage-first heap   total 137216K, used 49727K [0x0000000709400000, 0x0000000800000000)
  region size 2048K, 6 young (12288K), 3 survivors (6144K)
 Metaspace       used 31145K, committed 31616K, reserved 1114112K
  class space    used 3863K, committed 4096K, reserved 1048576K

Heap Regions: E=young(eden), S=young(survivor), O=old, HS=humongous(starts), HC=humongous(continues), CS=collection set, F=free, OA=open archive, CA=closed archive, TAMS=top-at-mark-start (previous, next)
|   0|0x0000000709400000, 0x0000000709600000, 0x0000000709600000|100%| O|  |TAMS 0x0000000709600000, 0x0000000709400000| Untracked 
|   1|0x0000000709600000, 0x0000000709800000, 0x0000000709800000|100%| O|  |TAMS 0x0000000709800000, 0x0000000709600000| Untracked 
|   2|0x0000000709800000, 0x0000000709a00000, 0x0000000709a00000|100%| O|  |TAMS 0x0000000709a00000, 0x0000000709800000| Untracked 
|   3|0x0000000709a00000, 0x0000000709c00000, 0x0000000709c00000|100%| O|  |TAMS 0x0000000709c00000, 0x0000000709a00000| Untracked 
|   4|0x0000000709c00000, 0x0000000709e00000, 0x0000000709e00000|100%| O|  |TAMS 0x0000000709e00000, 0x0000000709c00000| Untracked 
|   5|0x0000000709e00000, 0x000000070a000000, 0x000000070a000000|100%| O|  |TAMS 0x000000070a000000, 0x0000000709e00000| Untracked 
|   6|0x000000070a000000, 0x000000070a200000, 0x000000070a200000|100%| O|  |TAMS 0x000000070a200000, 0x000000070a000000| Untracked 
|   7|0x000000070a200000, 0x000000070a400000, 0x000000070a400000|100%| O|  |TAMS 0x000000070a400000, 0x000000070a200000| Untracked 
|   8|0x000000070a400000, 0x000000070a600000, 0x000000070a600000|100%| O|  |TAMS 0x000000070a600000, 0x000000070a400000| Untracked 
|   9|0x000000070a600000, 0x000000070a800000, 0x000000070a800000|100%| O|  |TAMS 0x000000070a800000, 0x000000070a600000| Untracked 
|  10|0x000000070a800000, 0x000000070aa00000, 0x000000070aa00000|100%| O|  |TAMS 0x000000070a800000, 0x000000070a800000| Untracked 
|  11|0x000000070aa00000, 0x000000070ac00000, 0x000000070ac00000|100%| O|  |TAMS 0x000000070aa00000, 0x000000070aa00000| Untracked 
|  12|0x000000070ac00000, 0x000000070ae00000, 0x000000070ae00000|100%| O|  |TAMS 0x000000070ac00000, 0x000000070ac00000| Untracked 
|  13|0x000000070ae00000, 0x000000070b000000, 0x000000070b000000|100%| O|  |TAMS 0x000000070ae00000, 0x000000070ae00000| Untracked 
|  14|0x000000070b000000, 0x000000070b05e600, 0x000000070b200000| 18%| O|  |TAMS 0x000000070b000000, 0x000000070b000000| Untracked 
|  15|0x000000070b200000, 0x000000070b400000, 0x000000070b400000|100%| O|  |TAMS 0x000000070b200000, 0x000000070b200000| Untracked 
|  16|0x000000070b400000, 0x000000070b600000, 0x000000070b600000|100%| O|  |TAMS 0x000000070b400000, 0x000000070b400000| Untracked 
|  17|0x000000070b600000, 0x000000070b800000, 0x000000070b800000|100%| O|  |TAMS 0x000000070b600000, 0x000000070b600000| Untracked 
|  18|0x000000070b800000, 0x000000070ba00000, 0x000000070ba00000|100%| O|  |TAMS 0x000000070b800000, 0x000000070b800000| Untracked 
|  19|0x000000070ba00000, 0x000000070ba00000, 0x000000070bc00000|  0%| F|  |TAMS 0x000000070ba00000, 0x000000070ba00000| Untracked 
|  20|0x000000070bc00000, 0x000000070bd16a00, 0x000000070be00000| 54%| O|  |TAMS 0x000000070bc00000, 0x000000070bc00000| Untracked 
|  21|0x000000070be00000, 0x000000070be00000, 0x000000070c000000|  0%| F|  |TAMS 0x000000070be00000, 0x000000070be00000| Untracked 
|  22|0x000000070c000000, 0x000000070c000000, 0x000000070c200000|  0%| F|  |TAMS 0x000000070c000000, 0x000000070c000000| Untracked 
|  23|0x000000070c200000, 0x000000070c200000, 0x000000070c400000|  0%| F|  |TAMS 0x000000070c200000, 0x000000070c200000| Untracked 
|  24|0x000000070c400000, 0x000000070c400000, 0x000000070c600000|  0%| F|  |TAMS 0x000000070c400000, 0x000000070c400000| Untracked 
|  25|0x000000070c600000, 0x000000070c600000, 0x000000070c800000|  0%| F|  |TAMS 0x000000070c600000, 0x000000070c600000| Untracked 
|  26|0x000000070c800000, 0x000000070c800000, 0x000000070ca00000|  0%| F|  |TAMS 0x000000070c800000, 0x000000070c800000| Untracked 
|  27|0x000000070ca00000, 0x000000070ca00000, 0x000000070cc00000|  0%| F|  |TAMS 0x000000070ca00000, 0x000000070ca00000| Untracked 
|  28|0x000000070cc00000, 0x000000070cc00000, 0x000000070ce00000|  0%| F|  |TAMS 0x000000070cc00000, 0x000000070cc00000| Untracked 
|  29|0x000000070ce00000, 0x000000070ce00000, 0x000000070d000000|  0%| F|  |TAMS 0x000000070ce00000, 0x000000070ce00000| Untracked 
|  30|0x000000070d000000, 0x000000070d000000, 0x000000070d200000|  0%| F|  |TAMS 0x000000070d000000, 0x000000070d000000| Untracked 
|  31|0x000000070d200000, 0x000000070d200000, 0x000000070d400000|  0%| F|  |TAMS 0x000000070d200000, 0x000000070d200000| Untracked 
|  32|0x000000070d400000, 0x000000070d400000, 0x000000070d600000|  0%| F|  |TAMS 0x000000070d400000, 0x000000070d400000| Untracked 
|  33|0x000000070d600000, 0x000000070d600000, 0x000000070d800000|  0%| F|  |TAMS 0x000000070d600000, 0x000000070d600000| Untracked 
|  34|0x000000070d800000, 0x000000070d800000, 0x000000070da00000|  0%| F|  |TAMS 0x000000070d800000, 0x000000070d800000| Untracked 
|  35|0x000000070da00000, 0x000000070da00000, 0x000000070dc00000|  0%| F|  |TAMS 0x000000070da00000, 0x000000070da00000| Untracked 
|  36|0x000000070dc00000, 0x000000070dc00000, 0x000000070de00000|  0%| F|  |TAMS 0x000000070dc00000, 0x000000070dc00000| Untracked 
|  37|0x000000070de00000, 0x000000070de00000, 0x000000070e000000|  0%| F|  |TAMS 0x000000070de00000, 0x000000070de00000| Untracked 
|  38|0x000000070e000000, 0x000000070e000000, 0x000000070e200000|  0%| F|  |TAMS 0x000000070e000000, 0x000000070e000000| Untracked 
|  39|0x000000070e200000, 0x000000070e200000, 0x000000070e400000|  0%| F|  |TAMS 0x000000070e200000, 0x000000070e200000| Untracked 
|  40|0x000000070e400000, 0x000000070e400000, 0x000000070e600000|  0%| F|  |TAMS 0x000000070e400000, 0x000000070e400000| Untracked 
|  41|0x000000070e600000, 0x000000070e600000, 0x000000070e800000|  0%| F|  |TAMS 0x000000070e600000, 0x000000070e600000| Untracked 
|  42|0x000000070e800000, 0x000000070e800000, 0x000000070ea00000|  0%| F|  |TAMS 0x000000070e800000, 0x000000070e800000| Untracked 
|  43|0x000000070ea00000, 0x000000070ea00000, 0x000000070ec00000|  0%| F|  |TAMS 0x000000070ea00000, 0x000000070ea00000| Untracked 
|  44|0x000000070ec00000, 0x000000070ec00000, 0x000000070ee00000|  0%| F|  |TAMS 0x000000070ec00000, 0x000000070ec00000| Untracked 
|  45|0x000000070ee00000, 0x000000070ef1ad08, 0x000000070f000000| 55%| S|CS|TAMS 0x000000070ee00000, 0x000000070ee00000| Complete 
|  46|0x000000070f000000, 0x000000070f200000, 0x000000070f200000|100%| S|CS|TAMS 0x000000070f000000, 0x000000070f000000| Complete 
|  47|0x000000070f200000, 0x000000070f400000, 0x000000070f400000|100%| S|CS|TAMS 0x000000070f200000, 0x000000070f200000| Complete 
|  48|0x000000070f400000, 0x000000070f400000, 0x000000070f600000|  0%| F|  |TAMS 0x000000070f400000, 0x000000070f400000| Untracked 
|  49|0x000000070f600000, 0x000000070f600000, 0x000000070f800000|  0%| F|  |TAMS 0x000000070f600000, 0x000000070f600000| Untracked 
|  50|0x000000070f800000, 0x000000070f800000, 0x000000070fa00000|  0%| F|  |TAMS 0x000000070f800000, 0x000000070f800000| Untracked 
|  51|0x000000070fa00000, 0x000000070fa00000, 0x000000070fc00000|  0%| F|  |TAMS 0x000000070fa00000, 0x000000070fa00000| Untracked 
|  52|0x000000070fc00000, 0x000000070fc00000, 0x000000070fe00000|  0%| F|  |TAMS 0x000000070fc00000, 0x000000070fc00000| Untracked 
|  53|0x000000070fe00000, 0x000000070fe00000, 0x0000000710000000|  0%| F|  |TAMS 0x000000070fe00000, 0x000000070fe00000| Untracked 
|  54|0x0000000710000000, 0x0000000710000000, 0x0000000710200000|  0%| F|  |TAMS 0x0000000710000000, 0x0000000710000000| Untracked 
|  55|0x0000000710200000, 0x0000000710200000, 0x0000000710400000|  0%| F|  |TAMS 0x0000000710200000, 0x0000000710200000| Untracked 
|  56|0x0000000710400000, 0x0000000710400000, 0x0000000710600000|  0%| F|  |TAMS 0x0000000710400000, 0x0000000710400000| Untracked 
|  57|0x0000000710600000, 0x0000000710600000, 0x0000000710800000|  0%| F|  |TAMS 0x0000000710600000, 0x0000000710600000| Untracked 
|  58|0x0000000710800000, 0x0000000710800000, 0x0000000710a00000|  0%| F|  |TAMS 0x0000000710800000, 0x0000000710800000| Untracked 
|  59|0x0000000710a00000, 0x0000000710a00000, 0x0000000710c00000|  0%| F|  |TAMS 0x0000000710a00000, 0x0000000710a00000| Untracked 
|  60|0x0000000710c00000, 0x0000000710c00000, 0x0000000710e00000|  0%| F|  |TAMS 0x0000000710c00000, 0x0000000710c00000| Untracked 
|  68|0x0000000711c00000, 0x0000000711c00000, 0x0000000711e00000|  0%| F|  |TAMS 0x0000000711c00000, 0x0000000711c00000| Untracked 
|  69|0x0000000711e00000, 0x0000000711e00000, 0x0000000712000000|  0%| F|  |TAMS 0x0000000711e00000, 0x0000000711e00000| Untracked 
|  70|0x0000000712000000, 0x00000007121ec810, 0x0000000712200000| 96%| E|  |TAMS 0x0000000712000000, 0x0000000712000000| Complete 
|  71|0x0000000712200000, 0x0000000712400000, 0x0000000712400000|100%| E|CS|TAMS 0x0000000712200000, 0x0000000712200000| Complete 
| 123|0x0000000718a00000, 0x0000000718c00000, 0x0000000718c00000|100%| E|CS|TAMS 0x0000000718a00000, 0x0000000718a00000| Complete 
|1973|0x00000007ffe00000, 0x0000000800000000, 0x0000000800000000|100%| O|  |TAMS 0x00000007ffe15a00, 0x00000007ffe00000| Untracked 

Card table byte_map: [0x0000026cc2b90000,0x0000026cc3350000] _byte_map_base: 0x0000026cbf346000

Marking Bits (Prev, Next): (CMBitMap*) 0x0000026caab66ad0, (CMBitMap*) 0x0000026caab66b10
 Prev Bits: [0x0000026cc3b10000, 0x0000026cc78c0000)
 Next Bits: [0x0000026cc78c0000, 0x0000026ccb670000)

Polling page: 0x0000026caabb0000

Metaspace:

Usage:
  Non-class:     26.64 MB used.
      Class:      3.77 MB used.
       Both:     30.42 MB used.

Virtual space:
  Non-class space:       64.00 MB reserved,      26.88 MB ( 42%) committed,  1 nodes.
      Class space:        1.00 GB reserved,       4.00 MB ( <1%) committed,  1 nodes.
             Both:        1.06 GB reserved,      30.88 MB (  3%) committed. 

Chunk freelists:
   Non-Class:  4.56 MB
       Class:  11.95 MB
        Both:  16.52 MB

MaxMetaspaceSize: unlimited
CompressedClassSpaceSize: 1.00 GB
Initial GC threshold: 21.00 MB
Current GC threshold: 51.06 MB
CDS: on
MetaspaceReclaimPolicy: balanced
 - commit_granule_bytes: 65536.
 - commit_granule_words: 8192.
 - virtual_space_node_default_size: 8388608.
 - enlarge_chunks_in_place: 1.
 - new_chunks_are_fully_committed: 0.
 - uncommit_free_chunks: 1.
 - use_allocation_guard: 0.
 - handle_deallocations: 1.


Internal statistics:

num_allocs_failed_limit: 3.
num_arena_births: 602.
num_arena_deaths: 0.
num_vsnodes_births: 2.
num_vsnodes_deaths: 0.
num_space_committed: 494.
num_space_uncommitted: 0.
num_chunks_returned_to_freelist: 3.
num_chunks_taken_from_freelist: 1688.
num_chunk_merges: 3.
num_chunk_splits: 1136.
num_chunks_enlarged: 835.
num_inconsistent_stats: 0.

CodeHeap 'non-profiled nmethods': size=119168Kb used=2680Kb max_used=2680Kb free=116487Kb
 bounds [0x0000026cb9fb0000, 0x0000026cba250000, 0x0000026cc1410000]
CodeHeap 'profiled nmethods': size=119104Kb used=8886Kb max_used=8886Kb free=110218Kb
 bounds [0x0000026cb2410000, 0x0000026cb2cc0000, 0x0000026cb9860000]
CodeHeap 'non-nmethods': size=7488Kb used=1261Kb max_used=2966Kb free=6226Kb
 bounds [0x0000026cb9860000, 0x0000026cb9b50000, 0x0000026cb9fb0000]
 total_blobs=4932 nmethods=4357 adapters=487
 compilation: enabled
              stopped_count=0, restarted_count=0
 full_count=0

Compilation events (20 events):
Event: 77.523 Thread 0x0000026cce71e270 4350   !   4       org.apache.tomcat.util.http.parser.HttpParser::isControl (9 bytes)
Event: 77.523 Thread 0x0000026cce71e270 nmethod 4350 0x0000026cba24d710 code [0x0000026cba24d880, 0x0000026cba24d8f8]
Event: 77.525 Thread 0x0000026cce72f980 4351       1       org.apache.tomcat.util.net.SocketBufferHandler::getReadBuffer (5 bytes)
Event: 77.525 Thread 0x0000026cce72f980 nmethod 4351 0x0000026cba24da10 code [0x0000026cba24dba0, 0x0000026cba24dc78]
Event: 77.526 Thread 0x0000026cce72f980 4352       3       java.util.ArrayDeque::<init> (14 bytes)
Event: 77.526 Thread 0x0000026cce72f980 nmethod 4352 0x0000026cb2cbb710 code [0x0000026cb2cbb8c0, 0x0000026cb2cbbb98]
Event: 77.526 Thread 0x0000026cce72f980 4353       1       org.springframework.util.LinkedCaseInsensitiveMap::getLocale (5 bytes)
Event: 77.527 Thread 0x0000026cce72f980 nmethod 4353 0x0000026cba24dd10 code [0x0000026cba24dea0, 0x0000026cba24df78]
Event: 77.527 Thread 0x0000026cce72f980 4355       3       java.nio.charset.CharsetDecoder::onMalformedInput (26 bytes)
Event: 77.527 Thread 0x0000026cce71e270 4354       4       java.nio.Buffer::limit (65 bytes)
Event: 77.527 Thread 0x0000026cce72f980 nmethod 4355 0x0000026cb2cbbc90 code [0x0000026cb2cbbe40, 0x0000026cb2cbc1a8]
Event: 77.527 Thread 0x0000026cce72f980 4356       3       java.nio.charset.CharsetDecoder::implOnMalformedInput (1 bytes)
Event: 77.527 Thread 0x0000026cce72f980 nmethod 4356 0x0000026cb2cbc290 code [0x0000026cb2cbc420, 0x0000026cb2cbc538]
Event: 77.527 Thread 0x0000026cce72f980 4357       3       java.nio.charset.CharsetDecoder::onUnmappableCharacter (26 bytes)
Event: 77.527 Thread 0x0000026cce72f980 nmethod 4357 0x0000026cb2cbc610 code [0x0000026cb2cbc7c0, 0x0000026cb2cbcb28]
Event: 77.527 Thread 0x0000026cce72f980 4358       3       java.nio.charset.CharsetDecoder::implOnUnmappableCharacter (1 bytes)
Event: 77.527 Thread 0x0000026cce72f980 nmethod 4358 0x0000026cb2cbcc10 code [0x0000026cb2cbcda0, 0x0000026cb2cbceb8]
Event: 77.527 Thread 0x0000026cce71e270 nmethod 4354 0x0000026cba24e010 code [0x0000026cba24e180, 0x0000026cba24e278]
Event: 77.528 Thread 0x0000026cce72f980 4359  s    3       java.util.Vector::addElement (24 bytes)
Event: 77.528 Thread 0x0000026cce72f980 nmethod 4359 0x0000026cb2cbcf90 code [0x0000026cb2cbd160, 0x0000026cb2cbd648]

GC Heap History (20 events):
Event: 3.008 GC heap before
{Heap before GC invocations=2 (full 0):
 garbage-first heap   total 253952K, used 142750K [0x0000000709400000, 0x0000000800000000)
  region size 2048K, 71 young (145408K), 2 survivors (4096K)
 Metaspace       used 21101K, committed 21504K, reserved 1114112K
  class space    used 2662K, committed 2880K, reserved 1048576K
}
Event: 3.023 GC heap after
{Heap after GC invocations=3 (full 0):
 garbage-first heap   total 253952K, used 8781K [0x0000000709400000, 0x0000000800000000)
  region size 2048K, 5 young (10240K), 5 survivors (10240K)
 Metaspace       used 21101K, committed 21504K, reserved 1114112K
  class space    used 2662K, committed 2880K, reserved 1048576K
}
Event: 3.418 GC heap before
{Heap before GC invocations=4 (full 0):
 garbage-first heap   total 40960K, used 31309K [0x0000000709400000, 0x0000000800000000)
  region size 2048K, 17 young (34816K), 5 survivors (10240K)
 Metaspace       used 24510K, committed 24960K, reserved 1114112K
  class space    used 3054K, committed 3264K, reserved 1048576K
}
Event: 3.433 GC heap after
{Heap after GC invocations=5 (full 0):
 garbage-first heap   total 47104K, used 11179K [0x0000000709400000, 0x0000000800000000)
  region size 2048K, 6 young (12288K), 6 survivors (12288K)
 Metaspace       used 24510K, committed 24960K, reserved 1114112K
  class space    used 3054K, committed 3264K, reserved 1048576K
}
Event: 3.588 GC heap before
{Heap before GC invocations=5 (full 0):
 garbage-first heap   total 47104K, used 23467K [0x0000000709400000, 0x0000000800000000)
  region size 2048K, 13 young (26624K), 6 survivors (12288K)
 Metaspace       used 25731K, committed 26176K, reserved 1114112K
  class space    used 3213K, committed 3392K, reserved 1048576K
}
Event: 3.597 GC heap after
{Heap after GC invocations=6 (full 0):
 garbage-first heap   total 47104K, used 11655K [0x0000000709400000, 0x0000000800000000)
  region size 2048K, 2 young (4096K), 2 survivors (4096K)
 Metaspace       used 25731K, committed 26176K, reserved 1114112K
  class space    used 3213K, committed 3392K, reserved 1048576K
}
Event: 3.918 GC heap before
{Heap before GC invocations=6 (full 0):
 garbage-first heap   total 47104K, used 32135K [0x0000000709400000, 0x0000000800000000)
  region size 2048K, 12 young (24576K), 2 survivors (4096K)
 Metaspace       used 27564K, committed 28032K, reserved 1114112K
  class space    used 3443K, committed 3648K, reserved 1048576K
}
Event: 3.924 GC heap after
{Heap after GC invocations=7 (full 0):
 garbage-first heap   total 47104K, used 12775K [0x0000000709400000, 0x0000000800000000)
  region size 2048K, 2 young (4096K), 2 survivors (4096K)
 Metaspace       used 27564K, committed 28032K, reserved 1114112K
  class space    used 3443K, committed 3648K, reserved 1048576K
}
Event: 38.347 GC heap before
{Heap before GC invocations=7 (full 0):
 garbage-first heap   total 47104K, used 29159K [0x0000000709400000, 0x0000000800000000)
  region size 2048K, 11 young (22528K), 2 survivors (4096K)
 Metaspace       used 30647K, committed 31104K, reserved 1114112K
  class space    used 3818K, committed 4032K, reserved 1048576K
}
Event: 38.350 GC heap after
{Heap after GC invocations=8 (full 0):
 garbage-first heap   total 47104K, used 13986K [0x0000000709400000, 0x0000000800000000)
  region size 2048K, 2 young (4096K), 2 survivors (4096K)
 Metaspace       used 30647K, committed 31104K, reserved 1114112K
  class space    used 3818K, committed 4032K, reserved 1048576K
}
Event: 38.603 GC heap before
{Heap before GC invocations=8 (full 0):
 garbage-first heap   total 47104K, used 32418K [0x0000000709400000, 0x0000000800000000)
  region size 2048K, 11 young (22528K), 2 survivors (4096K)
 Metaspace       used 30715K, committed 31232K, reserved 1114112K
  class space    used 3825K, committed 4096K, reserved 1048576K
}
Event: 38.615 GC heap after
{Heap after GC invocations=9 (full 0):
 garbage-first heap   total 49152K, used 24662K [0x0000000709400000, 0x0000000800000000)
  region size 2048K, 2 young (4096K), 2 survivors (4096K)
 Metaspace       used 30715K, committed 31232K, reserved 1114112K
  class space    used 3825K, committed 4096K, reserved 1048576K
}
Event: 38.673 GC heap before
{Heap before GC invocations=9 (full 0):
 garbage-first heap   total 49152K, used 30806K [0x0000000709400000, 0x0000000800000000)
  region size 2048K, 5 young (10240K), 2 survivors (4096K)
 Metaspace       used 30805K, committed 31296K, reserved 1114112K
  class space    used 3830K, committed 4096K, reserved 1048576K
}
Event: 38.676 GC heap after
{Heap after GC invocations=10 (full 0):
 garbage-first heap   total 151552K, used 29049K [0x0000000709400000, 0x0000000800000000)
  region size 2048K, 1 young (2048K), 1 survivors (2048K)
 Metaspace       used 30805K, committed 31296K, reserved 1114112K
  class space    used 3830K, committed 4096K, reserved 1048576K
}
Event: 55.616 GC heap before
{Heap before GC invocations=11 (full 0):
 garbage-first heap   total 137216K, used 67961K [0x0000000709400000, 0x0000000800000000)
  region size 2048K, 21 young (43008K), 1 survivors (2048K)
 Metaspace       used 31093K, committed 31552K, reserved 1114112K
  class space    used 3860K, committed 4096K, reserved 1048576K
}
Event: 55.622 GC heap after
{Heap after GC invocations=12 (full 0):
 garbage-first heap   total 137216K, used 43688K [0x0000000709400000, 0x0000000800000000)
  region size 2048K, 3 young (6144K), 3 survivors (6144K)
 Metaspace       used 31093K, committed 31552K, reserved 1114112K
  class space    used 3860K, committed 4096K, reserved 1048576K
}
Event: 68.995 GC heap before
{Heap before GC invocations=12 (full 0):
 garbage-first heap   total 137216K, used 72360K [0x0000000709400000, 0x0000000800000000)
  region size 2048K, 17 young (34816K), 3 survivors (6144K)
 Metaspace       used 31116K, committed 31616K, reserved 1114112K
  class space    used 3861K, committed 4096K, reserved 1048576K
}
Event: 68.998 GC heap after
{Heap after GC invocations=13 (full 0):
 garbage-first heap   total 137216K, used 46105K [0x0000000709400000, 0x0000000800000000)
  region size 2048K, 3 young (6144K), 3 survivors (6144K)
 Metaspace       used 31116K, committed 31616K, reserved 1114112K
  class space    used 3861K, committed 4096K, reserved 1048576K
}
Event: 77.539 GC heap before
{Heap before GC invocations=13 (full 0):
 garbage-first heap   total 137216K, used 76825K [0x0000000709400000, 0x0000000800000000)
  region size 2048K, 18 young (36864K), 3 survivors (6144K)
 Metaspace       used 31141K, committed 31616K, reserved 1114112K
  class space    used 3862K, committed 4096K, reserved 1048576K
}
Event: 77.540 GC heap after
{Heap after GC invocations=14 (full 0):
 garbage-first heap   total 137216K, used 45631K [0x0000000709400000, 0x0000000800000000)
  region size 2048K, 3 young (6144K), 3 survivors (6144K)
 Metaspace       used 31141K, committed 31616K, reserved 1114112K
  class space    used 3862K, committed 4096K, reserved 1048576K
}

Deoptimization events (20 events):
Event: 55.340 Thread 0x0000026d14c0b440 DEOPT PACKING pc=0x0000026cb2c3b220 sp=0x0000006e22cfc070
Event: 55.340 Thread 0x0000026d14c0b440 DEOPT UNPACKING pc=0x0000026cb98b2b43 sp=0x0000006e22cfb548 mode 0
Event: 55.340 Thread 0x0000026d14c0b440 DEOPT PACKING pc=0x0000026cb2c3b220 sp=0x0000006e22cfc070
Event: 55.340 Thread 0x0000026d14c0b440 DEOPT UNPACKING pc=0x0000026cb98b2b43 sp=0x0000006e22cfb548 mode 0
Event: 55.340 Thread 0x0000026d14c0b440 DEOPT PACKING pc=0x0000026cb2c3b220 sp=0x0000006e22cfc070
Event: 55.340 Thread 0x0000026d14c0b440 DEOPT UNPACKING pc=0x0000026cb98b2b43 sp=0x0000006e22cfb548 mode 0
Event: 55.630 Thread 0x0000026d14c0b440 DEOPT PACKING pc=0x0000026cb2c63637 sp=0x0000006e22cfcba0
Event: 55.630 Thread 0x0000026d14c0b440 DEOPT UNPACKING pc=0x0000026cb98b2b43 sp=0x0000006e22cfc098 mode 0
Event: 68.981 Thread 0x0000026d14c0c880 Uncommon trap: trap_request=0xffffffc6 fr.pc=0x0000026cba0e5474 relative=0x0000000000000414
Event: 68.981 Thread 0x0000026d14c0c880 Uncommon trap: reason=bimorphic_or_optimized_type_check action=maybe_recompile pc=0x0000026cba0e5474 method=java.lang.ThreadLocal.set(Ljava/lang/Object;)V @ 6 c2
Event: 68.981 Thread 0x0000026d14c0c880 DEOPT PACKING pc=0x0000026cba0e5474 sp=0x0000006e22dfc830
Event: 68.981 Thread 0x0000026d14c0c880 DEOPT UNPACKING pc=0x0000026cb98b23a3 sp=0x0000006e22dfc818 mode 2
Event: 68.990 Thread 0x0000026d14c0c880 DEOPT PACKING pc=0x0000026cb2c4d5ce sp=0x0000006e22dfcf10
Event: 68.990 Thread 0x0000026d14c0c880 DEOPT UNPACKING pc=0x0000026cb98b2b43 sp=0x0000006e22dfc3e8 mode 0
Event: 69.247 Thread 0x0000026d14c0c880 DEOPT PACKING pc=0x0000026cb2c595c1 sp=0x0000006e22dfcf10
Event: 69.247 Thread 0x0000026d14c0c880 DEOPT UNPACKING pc=0x0000026cb98b2b43 sp=0x0000006e22dfc3c0 mode 0
Event: 77.527 Thread 0x0000026d14c0a510 Uncommon trap: trap_request=0xffffffc6 fr.pc=0x0000026cba0e5474 relative=0x0000000000000414
Event: 77.527 Thread 0x0000026d14c0a510 Uncommon trap: reason=bimorphic_or_optimized_type_check action=maybe_recompile pc=0x0000026cba0e5474 method=java.lang.ThreadLocal.set(Ljava/lang/Object;)V @ 6 c2
Event: 77.527 Thread 0x0000026d14c0a510 DEOPT PACKING pc=0x0000026cba0e5474 sp=0x0000006e22efcb90
Event: 77.527 Thread 0x0000026d14c0a510 DEOPT UNPACKING pc=0x0000026cb98b23a3 sp=0x0000006e22efcb78 mode 2

Classes unloaded (0 events):
No events

Classes redefined (0 events):
No events

Internal exceptions (20 events):
Event: 2.931 Thread 0x0000026caaafced0 Exception <a 'java/lang/NoSuchMethodError'{0x000000071004cee0}: 'java.lang.Object java.lang.invoke.Invokers$Holder.linkToTargetMethod(java.lang.Object, java.lang.Object, int, java.lang.Object)'> (0x000000071004cee0) 
thrown [s\open\src\hotspot\share\interpreter\linkResolver.cpp, line 759]
Event: 3.064 Thread 0x0000026caaafced0 Exception <a 'java/lang/NoSuchMethodError'{0x000000070afd5f30}: 'java.lang.Object java.lang.invoke.DirectMethodHandle$Holder.invokeStaticInit(java.lang.Object, int, int, int, int)'> (0x000000070afd5f30) 
thrown [s\open\src\hotspot\share\interpreter\linkResolver.cpp, line 759]
Event: 3.126 Thread 0x0000026caaafced0 Exception <a 'java/lang/NoSuchMethodError'{0x000000070ac39f90}: 'java.lang.Object java.lang.invoke.DirectMethodHandle$Holder.invokeStaticInit(java.lang.Object, java.lang.Object, int, int, int, int)'> (0x000000070ac39f90) 
thrown [s\open\src\hotspot\share\interpreter\linkResolver.cpp, line 759]
Event: 3.256 Thread 0x0000026caaafced0 Exception <a 'java/lang/NoSuchMethodError'{0x000000070a034e08}: 'java.lang.Object java.lang.invoke.DirectMethodHandle$Holder.invokeSpecial(java.lang.Object, java.lang.Object, long, java.lang.Object, java.lang.Object, java.lang.Object, java.lang.Object, java.lang.Object, java.lang.Object)'> (0x000000070a034e08) 
thrown [s\open\src\hotspot\share\interpreter\linkResolver.cpp, line 759]
Event: 3.257 Thread 0x0000026caaafced0 Exception <a 'java/lang/NoSuchMethodError'{0x000000070a039930}: 'java.lang.Object java.lang.invoke.DelegatingMethodHandle$Holder.reinvoke_L(java.lang.Object, long, java.lang.Object, java.lang.Object, java.lang.Object, java.lang.Object, java.lang.Object, java.lang.Object)'> (0x000000070a039930) 
thrown [s\open\src\hotspot\share\interpreter\linkResolver.cpp, line 759]
Event: 3.391 Thread 0x0000026caaafced0 Exception <a 'java/lang/NoSuchMethodError'{0x0000000709a778d8}: 'int java.lang.invoke.DirectMethodHandle$Holder.invokeInterface(java.lang.Object, java.lang.Object, java.lang.Object, java.lang.Object)'> (0x0000000709a778d8) 
thrown [s\open\src\hotspot\share\interpreter\linkResolver.cpp, line 759]
Event: 3.451 Thread 0x0000026caaafced0 Exception <a 'java/lang/NoSuchMethodError'{0x0000000718bba3e0}: 'long java.lang.invoke.DirectMethodHandle$Holder.invokeVirtual(java.lang.Object, java.lang.Object)'> (0x0000000718bba3e0) 
thrown [s\open\src\hotspot\share\interpreter\linkResolver.cpp, line 759]
Event: 3.631 Thread 0x0000026caaafced0 Exception <a 'java/lang/IncompatibleClassChangeError'{0x0000000718bae128}: Found class java.lang.Object, but interface was expected> (0x0000000718bae128) 
thrown [s\open\src\hotspot\share\interpreter\linkResolver.cpp, line 826]
Event: 3.757 Thread 0x0000026caaafced0 Exception <a 'java/lang/ClassNotFoundException'{0x000000070b537fc8}: org/springframework/boot/loader/jar/Handler> (0x000000070b537fc8) 
thrown [s\open\src\hotspot\share\classfile\systemDictionary.cpp, line 256]
Event: 3.847 Thread 0x0000026caaafced0 Exception <a 'java/lang/NoSuchMethodError'{0x000000070b197930}: 'java.lang.Object java.lang.invoke.DirectMethodHandle$Holder.newInvokeSpecial(java.lang.Object, java.lang.Object, int, java.lang.Object, java.lang.Object)'> (0x000000070b197930) 
thrown [s\open\src\hotspot\share\interpreter\linkResolver.cpp, line 759]
Event: 3.849 Thread 0x0000026caaafced0 Exception <a 'java/lang/NoSuchMethodError'{0x000000070b1a2fa8}: 'java.lang.Object java.lang.invoke.DirectMethodHandle$Holder.invokeSpecial(java.lang.Object, java.lang.Object, int, java.lang.Object, int, java.lang.Object)'> (0x000000070b1a2fa8) 
thrown [s\open\src\hotspot\share\interpreter\linkResolver.cpp, line 759]
Event: 3.849 Thread 0x0000026caaafced0 Exception <a 'java/lang/NoSuchMethodError'{0x000000070b1ab058}: 'java.lang.Object java.lang.invoke.DirectMethodHandle$Holder.newInvokeSpecial(java.lang.Object, java.lang.Object, int, java.lang.Object, int)'> (0x000000070b1ab058) 
thrown [s\open\src\hotspot\share\interpreter\linkResolver.cpp, line 759]
Event: 3.849 Thread 0x0000026caaafced0 Exception <a 'java/lang/NoSuchMethodError'{0x000000070b1af158}: 'java.lang.Object java.lang.invoke.DirectMethodHandle$Holder.invokeSpecial(java.lang.Object, java.lang.Object, java.lang.Object, int, java.lang.Object, int)'> (0x000000070b1af158) 
thrown [s\open\src\hotspot\share\interpreter\linkResolver.cpp, line 759]
Event: 3.852 Thread 0x0000026caaafced0 Exception <a 'java/lang/NoSuchMethodError'{0x000000070b1c3578}: 'void java.lang.invoke.DirectMethodHandle$Holder.invokeVirtual(java.lang.Object, java.lang.Object)'> (0x000000070b1c3578) 
thrown [s\open\src\hotspot\share\interpreter\linkResolver.cpp, line 759]
Event: 38.160 Thread 0x0000026d14c0c370 Exception <a 'java/lang/NoSuchMethodError'{0x000000070faeffa0}: 'java.lang.Object java.lang.invoke.DirectMethodHandle$Holder.invokeSpecial(java.lang.Object, java.lang.Object, java.lang.Object, java.lang.Object, java.lang.Object, long)'> (0x000000070faeffa0) 
thrown [s\open\src\hotspot\share\interpreter\linkResolver.cpp, line 759]
Event: 38.160 Thread 0x0000026d14c0c370 Exception <a 'java/lang/NoSuchMethodError'{0x000000070faf39e0}: 'java.lang.Object java.lang.invoke.Invokers$Holder.linkToTargetMethod(java.lang.Object, java.lang.Object, java.lang.Object, long, java.lang.Object)'> (0x000000070faf39e0) 
thrown [s\open\src\hotspot\share\interpreter\linkResolver.cpp, line 759]
Event: 38.309 Thread 0x0000026d14c0c370 Exception <a 'java/lang/ClassNotFoundException'{0x000000070b088c60}: sun/awt/resources/spi/awtProvider> (0x000000070b088c60) 
thrown [s\open\src\hotspot\share\classfile\systemDictionary.cpp, line 256]
Event: 38.317 Thread 0x0000026d14c0c370 Exception <a 'java/io/FileNotFoundException'{0x000000070b096ba0}> (0x000000070b096ba0) 
thrown [s\open\src\hotspot\share\prims\jni.cpp, line 516]
Event: 38.317 Thread 0x0000026d14c0c370 Exception <a 'java/io/FileNotFoundException'{0x000000070b098368}> (0x000000070b098368) 
thrown [s\open\src\hotspot\share\prims\jni.cpp, line 516]
Event: 55.331 Thread 0x0000026d14c0b440 Implicit null exception at 0x0000026cba136fb0 to 0x0000026cba136fd7

VM Operations (20 events):
Event: 38.673 Executing VM operation: G1CollectForAllocation
Event: 38.676 Executing VM operation: G1CollectForAllocation done
Event: 38.691 Executing VM operation: G1Concurrent
Event: 38.692 Executing VM operation: G1Concurrent done
Event: 38.699 Executing VM operation: G1Concurrent
Event: 38.699 Executing VM operation: G1Concurrent done
Event: 38.762 Executing VM operation: HandshakeAllThreads
Event: 38.762 Executing VM operation: HandshakeAllThreads done
Event: 39.771 Executing VM operation: Cleanup
Event: 39.772 Executing VM operation: Cleanup done
Event: 55.616 Executing VM operation: G1CollectForAllocation
Event: 55.622 Executing VM operation: G1CollectForAllocation done
Event: 56.624 Executing VM operation: Cleanup
Event: 56.624 Executing VM operation: Cleanup done
Event: 68.995 Executing VM operation: G1CollectForAllocation
Event: 68.998 Executing VM operation: G1CollectForAllocation done
Event: 70.000 Executing VM operation: Cleanup
Event: 70.000 Executing VM operation: Cleanup done
Event: 77.538 Executing VM operation: G1CollectForAllocation
Event: 77.540 Executing VM operation: G1CollectForAllocation done

Events (20 events):
Event: 38.698 loading class com/sun/imageio/plugins/png/ChunkStream
Event: 38.698 loading class com/sun/imageio/plugins/png/ChunkStream done
Event: 38.698 loading class com/sun/imageio/plugins/png/CRC
Event: 38.698 loading class com/sun/imageio/plugins/png/CRC done
Event: 38.699 loading class com/sun/imageio/plugins/png/IDATOutputStream
Event: 38.699 loading class com/sun/imageio/plugins/png/IDATOutputStream done
Event: 38.699 loading class java/util/zip/Deflater
Event: 38.699 loading class java/util/zip/Deflater done
Event: 38.700 loading class java/util/zip/Deflater$DeflaterZStreamRef
Event: 38.700 loading class java/util/zip/Deflater$DeflaterZStreamRef done
Event: 39.927 Thread 0x0000026d17382d90 Thread exited: 0x0000026d17382d90
Event: 39.927 Thread 0x0000026d17775d20 Thread exited: 0x0000026d17775d20
Event: 42.938 Thread 0x0000026d16037c00 Thread exited: 0x0000026d16037c00
Event: 55.331 loading class sun/reflect/generics/tree/IntSignature
Event: 55.331 loading class sun/reflect/generics/tree/IntSignature done
Event: 55.363 Loaded shared library C:\Users\T761\OneDrive\Desktop\P2_project\P2-2023-Project\ImageEffectBackend\src\main\resources\RotationLib.dll
Event: 55.683 Thread 0x0000026d1708da00 Thread added: 0x0000026d1708da00
Event: 60.927 Thread 0x0000026d1708da00 Thread exited: 0x0000026d1708da00
Event: 69.003 Loaded shared library C:\Users\T761\OneDrive\Desktop\P2_project\P2-2023-Project\ImageEffectBackend\src\main\resources\InvertLib.dll
Event: 77.547 Loaded shared library C:\Users\T761\OneDrive\Desktop\P2_project\P2-2023-Project\ImageEffectBackend\src\main\resources\GrayscaleLib.dll


Dynamic libraries:
0x00007ff76b890000 - 0x00007ff76b8a0000 	C:\Program Files\Java\jdk-17\bin\java.exe
0x00007ffdb26f0000 - 0x00007ffdb2907000 	C:\WINDOWS\SYSTEM32\ntdll.dll
0x00007ffdb1820000 - 0x00007ffdb18e4000 	C:\WINDOWS\System32\KERNEL32.DLL
0x00007ffdb0010000 - 0x00007ffdb03b6000 	C:\WINDOWS\System32\KERNELBASE.dll
0x00007ffdafb30000 - 0x00007ffdafc41000 	C:\WINDOWS\System32\ucrtbase.dll
0x00007ffdaade0000 - 0x00007ffdaadf9000 	C:\Program Files\Java\jdk-17\bin\jli.dll
0x00007ffdaa400000 - 0x00007ffdaa41b000 	C:\Program Files\Java\jdk-17\bin\VCRUNTIME140.dll
0x00007ffdb1760000 - 0x00007ffdb1811000 	C:\WINDOWS\System32\ADVAPI32.dll
0x00007ffdb0d40000 - 0x00007ffdb0de7000 	C:\WINDOWS\System32\msvcrt.dll
0x00007ffdb18f0000 - 0x00007ffdb1995000 	C:\WINDOWS\System32\sechost.dll
0x00007ffdb0470000 - 0x00007ffdb0587000 	C:\WINDOWS\System32\RPCRT4.dll
0x00007ffdb1390000 - 0x00007ffdb153e000 	C:\WINDOWS\System32\USER32.dll
0x00007ffdafb00000 - 0x00007ffdafb26000 	C:\WINDOWS\System32\win32u.dll
0x00007ffdb0440000 - 0x00007ffdb0469000 	C:\WINDOWS\System32\GDI32.dll
0x00007ffdafef0000 - 0x00007ffdb0008000 	C:\WINDOWS\System32\gdi32full.dll
0x00007ffd9db50000 - 0x00007ffd9dde3000 	C:\WINDOWS\WinSxS\amd64_microsoft.windows.common-controls_6595b64144ccf1df_6.0.22621.2506_none_270c5ae97388e100\COMCTL32.dll
0x00007ffdafa60000 - 0x00007ffdafafa000 	C:\WINDOWS\System32\msvcp_win.dll
0x00007ffdaf6c0000 - 0x00007ffdaf6ca000 	C:\WINDOWS\SYSTEM32\VERSION.dll
0x00007ffdb25d0000 - 0x00007ffdb2601000 	C:\WINDOWS\System32\IMM32.DLL
0x0000000051a60000 - 0x0000000051a6c000 	C:\Program Files (x86)\360\Total Security\safemon\SafeWrapper.dll
0x00007ffd4edd0000 - 0x00007ffd4ee62000 	C:\Program Files (x86)\360\Total Security\safemon\libzdtp64.dll
0x00007ffdb1a20000 - 0x00007ffdb227a000 	C:\WINDOWS\System32\SHELL32.dll
0x00007ffdb0720000 - 0x00007ffdb077e000 	C:\WINDOWS\System32\SHLWAPI.dll
0x00007ffda4e20000 - 0x00007ffda4e2c000 	C:\Program Files\Java\jdk-17\bin\vcruntime140_1.dll
0x00007ffd98c00000 - 0x00007ffd98c8e000 	C:\Program Files\Java\jdk-17\bin\msvcp140.dll
0x00007ffcedac0000 - 0x00007ffcee6a1000 	C:\Program Files\Java\jdk-17\bin\server\jvm.dll
0x00007ffdb2680000 - 0x00007ffdb2688000 	C:\WINDOWS\System32\PSAPI.DLL
0x00007ffd922d0000 - 0x00007ffd922d9000 	C:\WINDOWS\SYSTEM32\WSOCK32.dll
0x00007ffda8420000 - 0x00007ffda8454000 	C:\WINDOWS\SYSTEM32\WINMM.dll
0x00007ffdb0b70000 - 0x00007ffdb0be1000 	C:\WINDOWS\System32\WS2_32.dll
0x00007ffdaeae0000 - 0x00007ffdaeaf8000 	C:\WINDOWS\SYSTEM32\kernel.appcore.dll
0x00007ffda4e10000 - 0x00007ffda4e1a000 	C:\Program Files\Java\jdk-17\bin\jimage.dll
0x00007ffda61d0000 - 0x00007ffda6403000 	C:\WINDOWS\SYSTEM32\DBGHELP.DLL
0x00007ffdb07e0000 - 0x00007ffdb0b69000 	C:\WINDOWS\System32\combase.dll
0x00007ffdb0590000 - 0x00007ffdb0667000 	C:\WINDOWS\System32\OLEAUT32.dll
0x00007ffda6190000 - 0x00007ffda61c2000 	C:\WINDOWS\SYSTEM32\dbgcore.DLL
0x00007ffdb03c0000 - 0x00007ffdb043a000 	C:\WINDOWS\System32\bcryptPrimitives.dll
0x00007ffd9e260000 - 0x00007ffd9e285000 	C:\Program Files\Java\jdk-17\bin\java.dll
0x00007ffd95ef0000 - 0x00007ffd95fc7000 	C:\Program Files\Java\jdk-17\bin\jsvml.dll
0x00007ffdad920000 - 0x00007ffdae216000 	C:\WINDOWS\SYSTEM32\windows.storage.dll
0x00007ffdad7e0000 - 0x00007ffdad91e000 	C:\WINDOWS\SYSTEM32\wintypes.dll
0x00007ffdb0df0000 - 0x00007ffdb0ee3000 	C:\WINDOWS\System32\SHCORE.dll
0x00007ffdaf990000 - 0x00007ffdaf9b6000 	C:\WINDOWS\SYSTEM32\profapi.dll
0x00007ffda4df0000 - 0x00007ffda4e09000 	C:\Program Files\Java\jdk-17\bin\net.dll
0x00007ffda9410000 - 0x00007ffda9547000 	C:\WINDOWS\SYSTEM32\WINHTTP.dll
0x00007ffdaef60000 - 0x00007ffdaefc9000 	C:\WINDOWS\system32\mswsock.dll
0x00007ffd9e240000 - 0x00007ffd9e256000 	C:\Program Files\Java\jdk-17\bin\nio.dll
0x00007ffd9e190000 - 0x00007ffd9e1a8000 	C:\Program Files\Java\jdk-17\bin\zip.dll
0x00007ffdaf1c0000 - 0x00007ffdaf1db000 	C:\WINDOWS\SYSTEM32\CRYPTSP.dll
0x00007ffdaea40000 - 0x00007ffdaea75000 	C:\WINDOWS\system32\rsaenh.dll
0x00007ffdaf050000 - 0x00007ffdaf07c000 	C:\WINDOWS\SYSTEM32\USERENV.dll
0x00007ffdaf380000 - 0x00007ffdaf3a8000 	C:\WINDOWS\SYSTEM32\bcrypt.dll
0x00007ffdaf1b0000 - 0x00007ffdaf1bc000 	C:\WINDOWS\SYSTEM32\CRYPTBASE.dll
0x00007ffdae4f0000 - 0x00007ffdae51d000 	C:\WINDOWS\SYSTEM32\IPHLPAPI.DLL
0x00007ffdb0780000 - 0x00007ffdb0789000 	C:\WINDOWS\System32\NSI.dll
0x00007ffda91d0000 - 0x00007ffda91e9000 	C:\WINDOWS\SYSTEM32\dhcpcsvc6.DLL
0x00007ffda91b0000 - 0x00007ffda91cf000 	C:\WINDOWS\SYSTEM32\dhcpcsvc.DLL
0x00007ffdae520000 - 0x00007ffdae619000 	C:\WINDOWS\SYSTEM32\DNSAPI.dll
0x00007ffd9e230000 - 0x00007ffd9e23e000 	C:\Program Files\Java\jdk-17\bin\sunmscapi.dll
0x00007ffdafd80000 - 0x00007ffdafee6000 	C:\WINDOWS\System32\CRYPT32.dll
0x00007ffdaf350000 - 0x00007ffdaf37d000 	C:\WINDOWS\SYSTEM32\ncrypt.dll
0x00007ffdaf310000 - 0x00007ffdaf347000 	C:\WINDOWS\SYSTEM32\NTASN1.dll
0x00007ffd7e0c0000 - 0x00007ffd7e0c8000 	C:\WINDOWS\system32\wshunix.dll
0x00007ffd9e180000 - 0x00007ffd9e18a000 	C:\Program Files\Java\jdk-17\bin\management.dll
0x00007ffd9a260000 - 0x00007ffd9a26b000 	C:\Program Files\Java\jdk-17\bin\management_ext.dll
0x00007ffd05fe0000 - 0x00007ffd06171000 	C:\Program Files\Java\jdk-17\bin\awt.dll
0x00007ffdacd40000 - 0x00007ffdacdd7000 	C:\WINDOWS\SYSTEM32\apphelp.dll
0x00007ffd95ec0000 - 0x00007ffd95eee000 	C:\Program Files\Java\jdk-17\bin\javajpeg.dll
0x00007ffd93f20000 - 0x00007ffd93f44000 	C:\Users\T761\OneDrive\Desktop\P2_project\P2-2023-Project\ImageEffectBackend\src\main\resources\SepiaLib.dll
0x00007ffd88750000 - 0x00007ffd88774000 	C:\msys64\ucrt64\bin\libgcc_s_seh-1.dll
0x00007ffd014f0000 - 0x00007ffd0171e000 	C:\msys64\ucrt64\bin\libstdc++-6.dll
0x00007ffd98b00000 - 0x00007ffd98b17000 	C:\msys64\ucrt64\bin\libwinpthread-1.dll
0x00007ffd80fd0000 - 0x00007ffd80ff4000 	C:\Users\T761\OneDrive\Desktop\P2_project\P2-2023-Project\ImageEffectBackend\src\main\resources\RotationLib.dll
0x00007ffd80fa0000 - 0x00007ffd80fc4000 	C:\Users\T761\OneDrive\Desktop\P2_project\P2-2023-Project\ImageEffectBackend\src\main\resources\InvertLib.dll
0x00007ffd79c20000 - 0x00007ffd79c44000 	C:\Users\T761\OneDrive\Desktop\P2_project\P2-2023-Project\ImageEffectBackend\src\main\resources\GrayscaleLib.dll

dbghelp: loaded successfully - version: 4.0.5 - missing functions: none
symbol engine: initialized successfully - sym options: 0x614 - pdb path: .;C:\Program Files\Java\jdk-17\bin;C:\WINDOWS\SYSTEM32;C:\WINDOWS\WinSxS\amd64_microsoft.windows.common-controls_6595b64144ccf1df_6.0.22621.2506_none_270c5ae97388e100;C:\Program Files (x86)\360\Total Security\safemon;C:\Program Files\Java\jdk-17\bin\server;C:\Users\T761\OneDrive\Desktop\P2_project\P2-2023-Project\ImageEffectBackend\src\main\resources;C:\msys64\ucrt64\bin

VM Arguments:
java_command: target/imageEffectApplication-0.0.1-SNAPSHOT.jar
java_class_path (initial): target/imageEffectApplication-0.0.1-SNAPSHOT.jar
Launcher Type: SUN_STANDARD

[Global flags]
     intx CICompilerCount                          = 12                                        {product} {ergonomic}
     uint ConcGCThreads                            = 3                                         {product} {ergonomic}
     uint G1ConcRefinementThreads                  = 13                                        {product} {ergonomic}
   size_t G1HeapRegionSize                         = 2097152                                   {product} {ergonomic}
    uintx GCDrainStackTargetSize                   = 64                                        {product} {ergonomic}
   size_t InitialHeapSize                          = 260046848                                 {product} {ergonomic}
   size_t MarkStackSize                            = 4194304                                   {product} {ergonomic}
   size_t MaxHeapSize                              = 4139778048                                {product} {ergonomic}
   size_t MaxNewSize                               = 2483027968                                {product} {ergonomic}
   size_t MinHeapDeltaBytes                        = 2097152                                   {product} {ergonomic}
   size_t MinHeapSize                              = 8388608                                   {product} {ergonomic}
    uintx NonNMethodCodeHeapSize                   = 7602480                                {pd product} {ergonomic}
    uintx NonProfiledCodeHeapSize                  = 122027880                              {pd product} {ergonomic}
    uintx ProfiledCodeHeapSize                     = 122027880                              {pd product} {ergonomic}
    uintx ReservedCodeCacheSize                    = 251658240                              {pd product} {ergonomic}
     bool SegmentedCodeCache                       = true                                      {product} {ergonomic}
   size_t SoftMaxHeapSize                          = 4139778048                             {manageable} {ergonomic}
     bool UseCompressedClassPointers               = true                           {product lp64_product} {ergonomic}
     bool UseCompressedOops                        = true                           {product lp64_product} {ergonomic}
     bool UseG1GC                                  = true                                      {product} {ergonomic}
     bool UseLargePagesIndividualAllocation        = false                                  {pd product} {ergonomic}

Logging:
Log output configuration:
 #0: stdout all=warning uptime,level,tags
 #1: stderr all=off uptime,level,tags

Environment Variables:
JAVA_HOME=C:\Program Files\Java\jdk-17
PATH=C:\Program Files\Common Files\Oracle\Java\javapath;C:\Windows\system32;C:\Windows;C:\Windows\System32\Wbem;C:\Windows\System32\WindowsPowerShell\v1.0\;C:\Windows\System32\OpenSSH\;C:\Program Files (x86)\NVIDIA Corporation\PhysX\Common;C:\Program Files\NVIDIA Corporation\NVIDIA NvDLISR;C:\WINDOWS\system32;C:\WINDOWS;C:\WINDOWS\System32\Wbem;C:\WINDOWS\System32\WindowsPowerShell\v1.0\;C:\WINDOWS\System32\OpenSSH\;C:\Program Files\Cloudflare\Cloudflare WARP\;C:\Program Files\Git\cmd;C:\Program Files\nodejs\;C:\ProgramData\chocolatey\bin;C:\Program Files\Git\usr\bin;C:\Program Files\MySQL\MySQL Shell 8.0\bin\;C:\Users\T761\AppData\Local\Microsoft\WindowsApps;C:\Users\T761\AppData\Local\Programs\Microsoft VS Code\bin;C:\msys64\ucrt64\bin;C:\Users\T761\AppData\Roaming\npm
USERNAME=T761
LANG=en_US.UTF-8
OS=Windows_NT
PROCESSOR_IDENTIFIER=AMD64 Family 23 Model 96 Stepping 1, AuthenticAMD



---------------  S Y S T E M  ---------------

OS:
 Windows 11 , 64 bit Build 22621 (10.0.22621.2506)
OS uptime: 0 days 1:47 hours

CPU: total 16 (initial active 16) (16 cores per cpu, 2 threads per core) family 23 model 96 stepping 1 microcode 0x0, cx8, cmov, fxsr, ht, mmx, 3dnowpref, sse, sse2, sse3, ssse3, sse4a, sse4.1, sse4.2, popcnt, lzcnt, tsc, tscinvbit, avx, avx2, aes, clmul, bmi1, bmi2, adx, sha, fma, vzeroupper, clflush, clflushopt

Memory: 4k page, system-wide physical 15790M (6180M free)
TotalPageFile size 22446M (AvailPageFile size 6009M)
current process WorkingSet (physical memory assigned to process): 211M, peak: 276M
current process commit charge ("private bytes"): 308M, peak: 441M

vm_info: Java HotSpot(TM) 64-Bit Server VM (17.0.9+11-LTS-201) for windows-amd64 JRE (17.0.9+11-LTS-201), built on Oct 10 2023 23:16:06 by "mach5one" with MS VC++ 17.1 (VS2022)

END.
